-------------------------------------------------------------------------------
Test set: pl.polsl.youssef.albali.vigenere.cipher.model.VigenereCipherModelTest
-------------------------------------------------------------------------------
Tests run: 6, Failures: 1, Errors: 3, Skipped: 0, Time elapsed: 0.105 s <<< FAILURE! - in pl.polsl.youssef.albali.vigenere.cipher.model.VigenereCipherModelTest
testGetDecryptedMessage[1]  Time elapsed: 0.018 s  <<< ERROR!
java.lang.NullPointerException: Cannot invoke "pl.polsl.youssef.albali.vigenere.cipher.model.VigenereCipherModel.getDecryptedMessage(String)" because "instance" is null
	at pl.polsl.youssef.albali.vigenere.cipher.model.VigenereCipherModelTest.testGetDecryptedMessage(VigenereCipherModelTest.java:42)

testGetDecryptedMessage[2]  Time elapsed: 0.001 s  <<< ERROR!
java.lang.NullPointerException: Cannot invoke "pl.polsl.youssef.albali.vigenere.cipher.model.VigenereCipherModel.getDecryptedMessage(String)" because "instance" is null
	at pl.polsl.youssef.albali.vigenere.cipher.model.VigenereCipherModelTest.testGetDecryptedMessage(VigenereCipherModelTest.java:42)

testGetDecryptedMessage[3]  Time elapsed: 0.001 s  <<< ERROR!
java.lang.NullPointerException: Cannot invoke "pl.polsl.youssef.albali.vigenere.cipher.model.VigenereCipherModel.getDecryptedMessage(String)" because "instance" is null
	at pl.polsl.youssef.albali.vigenere.cipher.model.VigenereCipherModelTest.testGetDecryptedMessage(VigenereCipherModelTest.java:42)

testGetEncryptedMessage{String, String, String}[3]  Time elapsed: 0.002 s  <<< FAILURE!
org.opentest4j.AssertionFailedError: expected: <WOzX> but was: <WaOzX>
	at pl.polsl.youssef.albali.vigenere.cipher.model.VigenereCipherModelTest.testGetEncryptedMessage(VigenereCipherModelTest.java:27)

