<?xml version="1.0" encoding="UTF-8"?>
<testsuite xmlns:xsi="http://www.w3.org/2001/XMLSchema-instance" xsi:noNamespaceSchemaLocation="https://maven.apache.org/surefire/maven-surefire-plugin/xsd/surefire-test-report.xsd" name="pl.polsl.youssef.albali.vigenere.cipher.model.VigenereCipherModelTest" time="0.1" tests="3" errors="0" skipped="0" failures="3">
  <properties>
[...]
</properties>
  <testcase name="testGetEncryptedMessage{String, String, String}[1]" classname="pl.polsl.youssef.albali.vigenere.cipher.model.VigenereCipherModelTest" time="0.042">
    <failure message="Encryption Failed" type="org.opentest4j.AssertionFailedError">org.opentest4j.AssertionFailedError: Encryption Failed
	at pl.polsl.youssef.albali.vigenere.cipher.model.VigenereCipherModelTest.testGetEncryptedMessage(VigenereCipherModelTest.java:33)
</failure>
    <system-out><![CDATA[getEncryptedMessage
]]></system-out>
  </testcase>
  <testcase name="testGetEncryptedMessage{String, String, String}[2]" classname="pl.polsl.youssef.albali.vigenere.cipher.model.VigenereCipherModelTest" time="0.002">
    <failure message="expected: &lt;Tfxk nu Pzp&gt; but was: &lt;Tfxk sx Pzp&gt;" type="org.opentest4j.AssertionFailedError"><![CDATA[org.opentest4j.AssertionFailedError: expected: <Tfxk nu Pzp> but was: <Tfxk sx Pzp>
	at pl.polsl.youssef.albali.vigenere.cipher.model.VigenereCipherModelTest.testGetEncryptedMessage(VigenereCipherModelTest.java:32)
]]></failure>
    <system-out><![CDATA[getEncryptedMessage
]]></system-out>
  </testcase>
  <testcase name="testGetEncryptedMessage{String, String, String}[3]" classname="pl.polsl.youssef.albali.vigenere.cipher.model.VigenereCipherModelTest" time="0.002">
    <failure message="Encryption Failed" type="org.opentest4j.AssertionFailedError">org.opentest4j.AssertionFailedError: Encryption Failed
	at pl.polsl.youssef.albali.vigenere.cipher.model.VigenereCipherModelTest.testGetEncryptedMessage(VigenereCipherModelTest.java:33)
</failure>
    <system-out><![CDATA[getEncryptedMessage
]]></system-out>
  </testcase>
</testsuite>