<?xml version="1.0" encoding="UTF-8"?>
<testsuite xmlns:xsi="http://www.w3.org/2001/XMLSchema-instance" xsi:noNamespaceSchemaLocation="https://maven.apache.org/surefire/maven-surefire-plugin/xsd/surefire-test-report.xsd" name="pl.polsl.youssef.albali.vigenere.cipher.model.VigenereCipherModelTest" time="0.105" tests="6" errors="3" skipped="0" failures="1">
  <properties>
[...]
</properties>
  <testcase name="testGetDecryptedMessage[1]" classname="pl.polsl.youssef.albali.vigenere.cipher.model.VigenereCipherModelTest" time="0.018">
    <error message="Cannot invoke &quot;pl.polsl.youssef.albali.vigenere.cipher.model.VigenereCipherModel.getDecryptedMessage(String)&quot; because &quot;instance&quot; is null" type="java.lang.NullPointerException">java.lang.NullPointerException: Cannot invoke "pl.polsl.youssef.albali.vigenere.cipher.model.VigenereCipherModel.getDecryptedMessage(String)" because "instance" is null
	at pl.polsl.youssef.albali.vigenere.cipher.model.VigenereCipherModelTest.testGetDecryptedMessage(VigenereCipherModelTest.java:42)
</error>
    <system-out><![CDATA[getDecryptedMessage
]]></system-out>
  </testcase>
  <testcase name="testGetDecryptedMessage[2]" classname="pl.polsl.youssef.albali.vigenere.cipher.model.VigenereCipherModelTest" time="0.001">
    <error message="Cannot invoke &quot;pl.polsl.youssef.albali.vigenere.cipher.model.VigenereCipherModel.getDecryptedMessage(String)&quot; because &quot;instance&quot; is null" type="java.lang.NullPointerException">java.lang.NullPointerException: Cannot invoke "pl.polsl.youssef.albali.vigenere.cipher.model.VigenereCipherModel.getDecryptedMessage(String)" because "instance" is null
	at pl.polsl.youssef.albali.vigenere.cipher.model.VigenereCipherModelTest.testGetDecryptedMessage(VigenereCipherModelTest.java:42)
</error>
    <system-out><![CDATA[getDecryptedMessage
]]></system-out>
  </testcase>
  <testcase name="testGetDecryptedMessage[3]" classname="pl.polsl.youssef.albali.vigenere.cipher.model.VigenereCipherModelTest" time="0.001">
    <error message="Cannot invoke &quot;pl.polsl.youssef.albali.vigenere.cipher.model.VigenereCipherModel.getDecryptedMessage(String)&quot; because &quot;instance&quot; is null" type="java.lang.NullPointerException">java.lang.NullPointerException: Cannot invoke "pl.polsl.youssef.albali.vigenere.cipher.model.VigenereCipherModel.getDecryptedMessage(String)" because "instance" is null
	at pl.polsl.youssef.albali.vigenere.cipher.model.VigenereCipherModelTest.testGetDecryptedMessage(VigenereCipherModelTest.java:42)
</error>
    <system-out><![CDATA[getDecryptedMessage
]]></system-out>
  </testcase>
  <testcase name="testGetEncryptedMessage{String, String, String}[1]" classname="pl.polsl.youssef.albali.vigenere.cipher.model.VigenereCipherModelTest" time="0.027"/>
  <testcase name="testGetEncryptedMessage{String, String, String}[2]" classname="pl.polsl.youssef.albali.vigenere.cipher.model.VigenereCipherModelTest" time="0"/>
  <testcase name="testGetEncryptedMessage{String, String, String}[3]" classname="pl.polsl.youssef.albali.vigenere.cipher.model.VigenereCipherModelTest" time="0.002">
    <failure message="expected: &lt;WOzX&gt; but was: &lt;WaOzX&gt;" type="org.opentest4j.AssertionFailedError"><![CDATA[org.opentest4j.AssertionFailedError: expected: <WOzX> but was: <WaOzX>
	at pl.polsl.youssef.albali.vigenere.cipher.model.VigenereCipherModelTest.testGetEncryptedMessage(VigenereCipherModelTest.java:27)
]]></failure>
    <system-out><![CDATA[getEncryptedMessage
]]></system-out>
  </testcase>
</testsuite>